mode: set
auth/helpers/passwords.go:8.43,13.2 4 1
auth/helpers/passwords.go:15.52,17.2 1 1
auth/database/db.go:9.64,10.23 1 0
auth/database/db.go:13.2,14.18 2 0
auth/database/db.go:10.23,12.3 1 0
auth/database/db.go:17.79,23.16 4 0
auth/database/db.go:26.2,31.17 2 0
auth/database/db.go:23.16,25.3 1 0
auth/database/init_config.go:23.25,48.45 12 0
auth/database/init_config.go:52.2,53.12 2 0
auth/database/init_config.go:48.45,51.3 2 0
auth/database/init_config.go:56.35,58.2 1 0
auth/database/init_config.go:60.22,61.23 1 0
auth/database/init_config.go:64.2,68.12 2 0
auth/database/init_config.go:61.23,63.3 1 0
auth/database/init_config.go:71.19,72.23 1 0
auth/database/init_config.go:72.23,75.3 2 0
auth/database/users.go:17.45,19.23 1 0
auth/database/users.go:23.2,23.158 1 0
auth/database/users.go:29.2,29.12 1 0
auth/database/users.go:19.23,21.3 1 0
auth/database/users.go:23.158,27.3 2 0
auth/database/users.go:42.73,45.16 3 0
auth/database/users.go:49.2,50.18 2 0
auth/database/users.go:45.16,48.3 2 0
auth/database/users.go:63.71,66.16 3 0
auth/database/users.go:71.2,71.18 1 0
auth/database/users.go:66.16,69.3 2 0
auth/database/users.go:97.53,100.16 3 0
auth/database/users.go:104.2,105.16 2 0
auth/database/users.go:109.2,109.12 1 0
auth/database/users.go:100.16,103.3 2 0
auth/database/users.go:105.16,108.3 2 0
auth/database/users.go:118.57,121.16 3 0
auth/database/users.go:124.2,125.19 2 0
auth/database/users.go:121.16,123.3 1 0
auth/database/users.go:134.49,137.16 3 0
auth/database/users.go:142.2,142.19 1 0
auth/database/users.go:137.16,140.3 2 0
auth/database/users.go:151.57,154.16 3 0
auth/database/users.go:158.2,159.19 2 0
auth/database/users.go:154.16,157.3 2 0
auth/database/users.go:170.49,173.16 3 0
auth/database/users.go:178.2,180.19 3 0
auth/database/users.go:173.16,176.3 2 0
auth/database/users.go:186.48,190.16 4 0
auth/database/users.go:197.2,201.21 5 0
auth/database/users.go:190.16,196.3 5 0
auth/database/users.go:215.34,217.16 2 0
auth/database/users.go:221.2,221.12 1 0
auth/database/users.go:217.16,220.3 2 0
auth/database/users.go:224.48,227.16 2 0
auth/database/users.go:231.2,231.12 1 0
auth/database/users.go:227.16,230.3 2 0
auth/helpers/logs.go:5.33,7.2 1 1
auth/models/user.go:21.13,23.2 1 1
auth/models/user.go:25.34,27.2 1 0
auth/database/tools.go:9.49,12.18 3 0
auth/database/tools.go:19.2,19.14 1 0
auth/database/tools.go:12.18,14.77 2 0
auth/database/tools.go:17.3,17.31 1 0
auth/database/tools.go:14.77,16.4 1 0
auth/authManager.go:33.36,43.2 1 0
auth/authManager.go:47.95,50.18 2 0
auth/authManager.go:55.2,55.67 1 0
auth/authManager.go:59.2,69.16 4 0
auth/authManager.go:72.2,73.22 2 0
auth/authManager.go:50.18,53.3 1 0
auth/authManager.go:55.67,58.3 1 0
auth/authManager.go:69.16,71.3 1 0
auth/authManager.go:76.98,80.48 3 0
auth/authManager.go:84.2,87.16 3 0
auth/authManager.go:92.2,107.22 5 0
auth/authManager.go:80.48,82.3 1 0
auth/authManager.go:87.16,90.3 2 0
auth/authManager.go:110.94,111.77 1 0
auth/authManager.go:115.2,121.17 5 0
auth/authManager.go:124.2,124.18 1 0
auth/authManager.go:111.77,113.3 1 0
auth/authManager.go:121.17,123.3 1 0
auth/authManager.go:127.115,131.2 2 0
auth/authManager.go:133.116,136.2 2 0
auth/authManager.go:138.100,141.16 3 0
auth/authManager.go:144.2,144.31 1 0
auth/authManager.go:141.16,143.3 1 0
auth/authManager.go:147.107,149.16 2 0
auth/authManager.go:152.2,152.31 1 0
auth/authManager.go:149.16,151.3 1 0
auth/authManager.go:156.100,158.2 1 0
auth/authManager.go:160.102,165.16 2 0
auth/authManager.go:175.2,176.31 2 0
auth/authManager.go:165.16,167.3 1 0
auth/main.go:13.25,17.45 4 0
auth/main.go:21.2,21.13 1 0
auth/main.go:17.45,20.3 2 0
auth/main.go:24.13,44.2 8 0
auth/database/tools.go:9.49,12.18 3 0
auth/database/tools.go:19.2,19.14 1 0
auth/database/tools.go:12.18,14.77 2 0
auth/database/tools.go:17.3,17.31 1 0
auth/database/tools.go:14.77,16.4 1 0
auth/authManager.go:33.36,43.2 1 0
auth/authManager.go:47.95,50.18 2 0
auth/authManager.go:55.2,55.67 1 0
auth/authManager.go:59.2,69.16 4 0
auth/authManager.go:72.2,73.22 2 0
auth/authManager.go:50.18,53.3 1 0
auth/authManager.go:55.67,58.3 1 0
auth/authManager.go:69.16,71.3 1 0
auth/authManager.go:76.98,80.48 3 0
auth/authManager.go:84.2,87.16 3 0
auth/authManager.go:92.2,107.22 5 0
auth/authManager.go:80.48,82.3 1 0
auth/authManager.go:87.16,90.3 2 0
auth/authManager.go:110.94,111.77 1 0
auth/authManager.go:115.2,121.17 5 0
auth/authManager.go:124.2,124.18 1 0
auth/authManager.go:111.77,113.3 1 0
auth/authManager.go:121.17,123.3 1 0
auth/authManager.go:127.115,131.2 2 0
auth/authManager.go:133.116,136.2 2 0
auth/authManager.go:138.100,141.16 3 0
auth/authManager.go:144.2,144.31 1 0
auth/authManager.go:141.16,143.3 1 0
auth/authManager.go:147.107,149.16 2 0
auth/authManager.go:152.2,152.31 1 0
auth/authManager.go:149.16,151.3 1 0
auth/authManager.go:156.100,158.2 1 0
auth/authManager.go:160.102,165.16 2 0
auth/authManager.go:175.2,176.31 2 0
auth/authManager.go:165.16,167.3 1 0
auth/main.go:13.25,17.45 4 0
auth/main.go:21.2,21.13 1 0
auth/main.go:17.45,20.3 2 0
auth/main.go:24.13,44.2 8 0
auth/models/user.go:21.13,23.2 1 1
auth/models/user.go:25.34,27.2 1 1
auth/helpers/logs.go:5.33,7.2 1 0
auth/helpers/passwords.go:8.43,13.2 4 0
auth/helpers/passwords.go:15.52,17.2 1 0
auth/database/db.go:9.64,10.23 1 0
auth/database/db.go:13.2,14.18 2 0
auth/database/db.go:10.23,12.3 1 0
auth/database/db.go:17.79,23.16 4 0
auth/database/db.go:26.2,31.17 2 0
auth/database/db.go:23.16,25.3 1 0
auth/database/init_config.go:23.25,48.45 12 0
auth/database/init_config.go:52.2,53.12 2 0
auth/database/init_config.go:48.45,51.3 2 0
auth/database/init_config.go:56.35,58.2 1 0
auth/database/init_config.go:60.22,61.23 1 0
auth/database/init_config.go:64.2,68.12 2 0
auth/database/init_config.go:61.23,63.3 1 0
auth/database/init_config.go:71.19,72.23 1 0
auth/database/init_config.go:72.23,75.3 2 0
auth/database/users.go:17.45,19.23 1 0
auth/database/users.go:23.2,23.158 1 0
auth/database/users.go:29.2,29.12 1 0
auth/database/users.go:19.23,21.3 1 0
auth/database/users.go:23.158,27.3 2 0
auth/database/users.go:42.73,45.16 3 0
auth/database/users.go:49.2,50.18 2 0
auth/database/users.go:45.16,48.3 2 0
auth/database/users.go:63.71,66.16 3 0
auth/database/users.go:71.2,71.18 1 0
auth/database/users.go:66.16,69.3 2 0
auth/database/users.go:97.53,100.16 3 0
auth/database/users.go:104.2,105.16 2 0
auth/database/users.go:109.2,109.12 1 0
auth/database/users.go:100.16,103.3 2 0
auth/database/users.go:105.16,108.3 2 0
auth/database/users.go:118.57,121.16 3 0
auth/database/users.go:124.2,125.19 2 0
auth/database/users.go:121.16,123.3 1 0
auth/database/users.go:134.49,137.16 3 0
auth/database/users.go:142.2,142.19 1 0
auth/database/users.go:137.16,140.3 2 0
auth/database/users.go:151.57,154.16 3 0
auth/database/users.go:158.2,159.19 2 0
auth/database/users.go:154.16,157.3 2 0
auth/database/users.go:170.49,173.16 3 0
auth/database/users.go:178.2,180.19 3 0
auth/database/users.go:173.16,176.3 2 0
auth/database/users.go:186.48,190.16 4 0
auth/database/users.go:197.2,201.21 5 0
auth/database/users.go:190.16,196.3 5 0
auth/database/users.go:215.34,217.16 2 0
auth/database/users.go:221.2,221.12 1 0
auth/database/users.go:217.16,220.3 2 0
auth/database/users.go:224.48,227.16 2 0
auth/database/users.go:231.2,231.12 1 0
auth/database/users.go:227.16,230.3 2 0
auth/models/user.go:21.13,23.2 1 1
auth/models/user.go:25.34,27.2 1 0
auth/database/db.go:9.64,10.23 1 1
auth/database/db.go:13.2,14.18 2 1
auth/database/db.go:10.23,12.3 1 0
auth/database/db.go:17.79,23.16 4 1
auth/database/db.go:26.2,31.17 2 0
auth/database/db.go:23.16,25.3 1 1
auth/authManager.go:33.36,43.2 1 1
auth/authManager.go:47.95,50.18 2 1
auth/authManager.go:55.2,55.67 1 1
auth/authManager.go:59.2,69.16 4 1
auth/authManager.go:72.2,73.22 2 1
auth/authManager.go:50.18,53.3 1 1
auth/authManager.go:55.67,58.3 1 1
auth/authManager.go:69.16,71.3 1 0
auth/authManager.go:76.98,80.48 3 1
auth/authManager.go:84.2,87.16 3 1
auth/authManager.go:92.2,107.22 5 1
auth/authManager.go:80.48,82.3 1 1
auth/authManager.go:87.16,90.3 2 1
auth/authManager.go:110.94,111.77 1 1
auth/authManager.go:115.2,121.17 5 1
auth/authManager.go:124.2,124.18 1 1
auth/authManager.go:111.77,113.3 1 1
auth/authManager.go:121.17,123.3 1 1
auth/authManager.go:127.115,131.2 2 1
auth/authManager.go:133.116,136.2 2 1
auth/authManager.go:138.100,141.16 3 1
auth/authManager.go:144.2,144.31 1 0
auth/authManager.go:141.16,143.3 1 1
auth/authManager.go:147.107,149.16 2 1
auth/authManager.go:152.2,152.31 1 0
auth/authManager.go:149.16,151.3 1 1
auth/authManager.go:156.100,158.2 1 1
auth/authManager.go:160.102,165.16 2 1
auth/authManager.go:175.2,176.31 2 0
auth/authManager.go:165.16,167.3 1 1
auth/main.go:13.25,17.45 4 1
auth/main.go:21.2,21.13 1 1
auth/main.go:17.45,20.3 2 1
auth/main.go:24.13,44.2 8 1
auth/helpers/logs.go:5.33,7.2 1 1
auth/models/user.go:21.13,23.2 1 1
auth/models/user.go:25.34,27.2 1 0
auth/authManager.go:33.36,43.2 1 0
auth/authManager.go:47.95,50.18 2 0
auth/authManager.go:55.2,55.67 1 0
auth/authManager.go:59.2,69.16 4 0
auth/authManager.go:72.2,73.22 2 0
auth/authManager.go:50.18,53.3 1 0
auth/authManager.go:55.67,58.3 1 0
auth/authManager.go:69.16,71.3 1 0
auth/authManager.go:76.98,80.48 3 0
auth/authManager.go:84.2,87.16 3 0
auth/authManager.go:92.2,107.22 5 0
auth/authManager.go:80.48,82.3 1 0
auth/authManager.go:87.16,90.3 2 0
auth/authManager.go:110.94,111.77 1 0
auth/authManager.go:115.2,121.17 5 0
auth/authManager.go:124.2,124.18 1 0
auth/authManager.go:111.77,113.3 1 0
auth/authManager.go:121.17,123.3 1 0
auth/authManager.go:127.115,131.2 2 0
auth/authManager.go:133.116,136.2 2 0
auth/authManager.go:138.100,141.16 3 0
auth/authManager.go:144.2,144.31 1 0
auth/authManager.go:141.16,143.3 1 0
auth/authManager.go:147.107,149.16 2 0
auth/authManager.go:152.2,152.31 1 0
auth/authManager.go:149.16,151.3 1 0
auth/authManager.go:156.100,158.2 1 0
auth/authManager.go:160.102,165.16 2 0
auth/authManager.go:175.2,176.31 2 0
auth/authManager.go:165.16,167.3 1 0
auth/database/init_config.go:23.25,48.45 12 1
auth/database/init_config.go:52.2,53.12 2 1
auth/database/init_config.go:48.45,51.3 2 0
auth/database/init_config.go:56.35,58.2 1 1
auth/database/init_config.go:60.22,61.23 1 1
auth/database/init_config.go:64.2,68.12 2 1
auth/database/init_config.go:61.23,63.3 1 1
auth/database/init_config.go:71.19,72.23 1 1
auth/database/init_config.go:72.23,75.3 2 1
auth/main.go:13.25,17.45 4 0
auth/main.go:21.2,21.13 1 0
auth/main.go:17.45,20.3 2 0
auth/main.go:24.13,44.2 8 0
auth/database/db.go:9.64,10.23 1 1
auth/database/db.go:13.2,14.18 2 1
auth/database/db.go:10.23,12.3 1 1
auth/database/db.go:17.79,23.16 4 1
auth/database/db.go:26.2,31.17 2 1
auth/database/db.go:23.16,25.3 1 1
auth/helpers/logs.go:5.33,7.2 1 1
auth/helpers/passwords.go:8.43,13.2 4 0
auth/helpers/passwords.go:15.52,17.2 1 0
auth/database/tools.go:9.49,12.18 3 1
auth/database/tools.go:19.2,19.14 1 1
auth/database/tools.go:12.18,14.77 2 1
auth/database/tools.go:17.3,17.31 1 1
auth/database/tools.go:14.77,16.4 1 1
auth/database/users.go:17.45,19.23 1 1
auth/database/users.go:23.2,23.158 1 1
auth/database/users.go:29.2,29.12 1 1
auth/database/users.go:19.23,21.3 1 1
auth/database/users.go:23.158,27.3 2 1
auth/database/users.go:42.73,45.16 3 1
auth/database/users.go:49.2,50.18 2 0
auth/database/users.go:45.16,48.3 2 1
auth/database/users.go:63.71,66.16 3 1
auth/database/users.go:71.2,71.18 1 0
auth/database/users.go:66.16,69.3 2 1
auth/database/users.go:97.53,100.16 3 1
auth/database/users.go:104.2,105.16 2 0
auth/database/users.go:109.2,109.12 1 0
auth/database/users.go:100.16,103.3 2 1
auth/database/users.go:105.16,108.3 2 0
auth/database/users.go:118.57,121.16 3 1
auth/database/users.go:124.2,125.19 2 1
auth/database/users.go:121.16,123.3 1 1
auth/database/users.go:134.49,137.16 3 1
auth/database/users.go:142.2,142.19 1 1
auth/database/users.go:137.16,140.3 2 1
auth/database/users.go:151.57,154.16 3 1
auth/database/users.go:158.2,159.19 2 0
auth/database/users.go:154.16,157.3 2 1
auth/database/users.go:170.49,173.16 3 1
auth/database/users.go:178.2,180.19 3 1
auth/database/users.go:173.16,176.3 2 1
auth/database/users.go:186.48,190.16 4 1
auth/database/users.go:197.2,201.21 5 1
auth/database/users.go:190.16,196.3 5 1
auth/database/users.go:215.34,217.16 2 1
auth/database/users.go:221.2,221.12 1 1
auth/database/users.go:217.16,220.3 2 1
auth/database/users.go:224.48,227.16 2 1
auth/database/users.go:231.2,231.12 1 1
auth/database/users.go:227.16,230.3 2 1
